<?xml version="1.0" encoding="UTF-8"?>
<testng-results skipped="0" failed="0" ignored="0" total="1" passed="1">
  <reporter-output>
  </reporter-output>
  <suite name="Default suite" duration-ms="18755" started-at="2018-10-25T14:35:37Z" finished-at="2018-10-25T14:35:56Z">
    <groups>
    </groups>
    <test name="Default test" duration-ms="18755" started-at="2018-10-25T14:35:37Z" finished-at="2018-10-25T14:35:56Z">
      <class name="com.get.all.links.GetAllLinks">
        <test-method status="PASS" signature="launchSite()[pri:0, instance:com.get.all.links.GetAllLinks@34cd072c]" name="launchSite" duration-ms="18729" started-at="2018-10-25T14:35:38Z" finished-at="2018-10-25T14:35:56Z">
          <reporter-output>
          </reporter-output>
        </test-method> <!-- launchSite -->
      </class> <!-- com.get.all.links.GetAllLinks -->
    </test> <!-- Default test -->
  </suite> <!-- Default suite -->
</testng-results>
